# JRE version: Java(TM) SE Runtime Environment (8.0_40-b26) (build 1.8.0_40-b26)
# Java VM: Java HotSpot(TM) 64-Bit Server VM (25.40-b25 mixed mode windows-amd64 compressed oops)
Heap:
 PSYoungGen      total 75264K, used 67080K [0x00000000f9c00000, 0x0000000100000000, 0x0000000100000000)
  eden space 57344K, 90% used [0x00000000f9c00000,0x00000000fce83e70,0x00000000fd400000)
  from space 17920K, 85% used [0x00000000fee80000,0x00000000ffd7e458,0x0000000100000000)
  to   space 22528K, 0% used [0x00000000fd400000,0x00000000fd400000,0x00000000fea00000)
 ParOldGen       total 99840K, used 53921K [0x00000000ed400000, 0x00000000f3580000, 0x00000000f9c00000)
  object space 99840K, 54% used [0x00000000ed400000,0x00000000f08a8468,0x00000000f3580000)
 Metaspace       used 79621K, capacity 84530K, committed 84824K, reserved 1122304K
  class space    used 10947K, capacity 11799K, committed 11864K, reserved 1048576K
GC Heap History (10 events):
Event: 841.605 GC heap before
{Heap before GC invocations=70 (full 8):
 PSYoungGen      total 80384K, used 62640K [0x00000000f9c00000, 0x0000000100000000, 0x0000000100000000)
  eden space 60928K, 100% used [0x00000000f9c00000,0x00000000fd780000,0x00000000fd780000)
  from space 19456K, 8% used [0x00000000fd780000,0x00000000fd92c260,0x00000000fea80000)
  to   space 18944K, 0% used [0x00000000fed80000,0x00000000fed80000,0x0000000100000000)
 ParOldGen       total 99840K, used 28836K [0x00000000ed400000, 0x00000000f3580000, 0x00000000f9c00000)
  object space 99840K, 28% used [0x00000000ed400000,0x00000000ef0290d8,0x00000000f3580000)
 Metaspace       used 79220K, capacity 84018K, committed 84312K, reserved 1122304K
  class space    used 10913K, capacity 11777K, committed 11864K, reserved 1048576K
Event: 841.611 GC heap after
Heap after GC invocations=70 (full 8):
 PSYoungGen      total 80384K, used 2971K [0x00000000f9c00000, 0x00000000ffd80000, 0x0000000100000000)
  eden space 64000K, 0% used [0x00000000f9c00000,0x00000000f9c00000,0x00000000fda80000)
  from space 16384K, 18% used [0x00000000fed80000,0x00000000ff066cc0,0x00000000ffd80000)
  to   space 17920K, 0% used [0x00000000fda80000,0x00000000fda80000,0x00000000fec00000)
 ParOldGen       total 99840K, used 30116K [0x00000000ed400000, 0x00000000f3580000, 0x00000000f9c00000)
  object space 99840K, 30% used [0x00000000ed400000,0x00000000ef1690d8,0x00000000f3580000)
 Metaspace       used 79220K, capacity 84018K, committed 84312K, reserved 1122304K
  class space    used 10913K, capacity 11777K, committed 11864K, reserved 1048576K
}
Event: 842.038 GC heap before
{Heap before GC invocations=71 (full 8):
 PSYoungGen      total 80384K, used 66971K [0x00000000f9c00000, 0x00000000ffd80000, 0x0000000100000000)
  eden space 64000K, 100% used [0x00000000f9c00000,0x00000000fda80000,0x00000000fda80000)
  from space 16384K, 18% used [0x00000000fed80000,0x00000000ff066cc0,0x00000000ffd80000)
  to   space 17920K, 0% used [0x00000000fda80000,0x00000000fda80000,0x00000000fec00000)
 ParOldGen       total 99840K, used 30116K [0x00000000ed400000, 0x00000000f3580000, 0x00000000f9c00000)
  object space 99840K, 30% used [0x00000000ed400000,0x00000000ef1690d8,0x00000000f3580000)
 Metaspace       used 79578K, capacity 84436K, committed 84568K, reserved 1122304K
  class space    used 10940K, capacity 11794K, committed 11864K, reserved 1048576K
Event: 842.048 GC heap after
Heap after GC invocations=71 (full 8):
 PSYoungGen      total 81920K, used 6237K [0x00000000f9c00000, 0x00000000fff80000, 0x0000000100000000)
  eden space 64000K, 0% used [0x00000000f9c00000,0x00000000f9c00000,0x00000000fda80000)
  from space 17920K, 34% used [0x00000000fda80000,0x00000000fe0977f8,0x00000000fec00000)
  to   space 16896K, 0% used [0x00000000fef00000,0x00000000fef00000,0x00000000fff80000)
 ParOldGen       total 99840K, used 32661K [0x00000000ed400000, 0x00000000f3580000, 0x00000000f9c00000)
  object space 99840K, 32% used [0x00000000ed400000,0x00000000ef3e54d0,0x00000000f3580000)
 Metaspace       used 79578K, capacity 84436K, committed 84568K, reserved 1122304K
  class space    used 10940K, capacity 11794K, committed 11864K, reserved 1048576K
}
Event: 842.139 GC heap before
{Heap before GC invocations=72 (full 8):
 PSYoungGen      total 81920K, used 69949K [0x00000000f9c00000, 0x00000000fff80000, 0x0000000100000000)
  eden space 64000K, 99% used [0x00000000f9c00000,0x00000000fda37fd0,0x00000000fda80000)
  from space 17920K, 34% used [0x00000000fda80000,0x00000000fe0977f8,0x00000000fec00000)
  to   space 16896K, 0% used [0x00000000fef00000,0x00000000fef00000,0x00000000fff80000)
 ParOldGen       total 99840K, used 32661K [0x00000000ed400000, 0x00000000f3580000, 0x00000000f9c00000)
  object space 99840K, 32% used [0x00000000ed400000,0x00000000ef3e54d0,0x00000000f3580000)
 Metaspace       used 79578K, capacity 84436K, committed 84568K, reserved 1122304K
  class space    used 10940K, capacity 11794K, committed 11864K, reserved 1048576K
Event: 842.145 GC heap after
Heap after GC invocations=72 (full 8):
 PSYoungGen      total 83968K, used 640K [0x00000000f9c00000, 0x00000000fff00000, 0x0000000100000000)
  eden space 67584K, 0% used [0x00000000f9c00000,0x00000000f9c00000,0x00000000fde00000)
  from space 16384K, 3% used [0x00000000fef00000,0x00000000fefa0000,0x00000000fff00000)
  to   space 16896K, 0% used [0x00000000fde00000,0x00000000fde00000,0x00000000fee80000)
 ParOldGen       total 99840K, used 35325K [0x00000000ed400000, 0x00000000f3580000, 0x00000000f9c00000)
  object space 99840K, 35% used [0x00000000ed400000,0x00000000ef67f710,0x00000000f3580000)
 Metaspace       used 79578K, capacity 84436K, committed 84568K, reserved 1122304K
  class space    used 10940K, capacity 11794K, committed 11864K, reserved 1048576K
}
Event: 842.270 GC heap before
{Heap before GC invocations=73 (full 8):
 PSYoungGen      total 83968K, used 68224K [0x00000000f9c00000, 0x00000000fff00000, 0x0000000100000000)
  eden space 67584K, 100% used [0x00000000f9c00000,0x00000000fde00000,0x00000000fde00000)
  from space 16384K, 3% used [0x00000000fef00000,0x00000000fefa0000,0x00000000fff00000)
  to   space 16896K, 0% used [0x00000000fde00000,0x00000000fde00000,0x00000000fee80000)
 ParOldGen       total 99840K, used 35325K [0x00000000ed400000, 0x00000000f3580000, 0x00000000f9c00000)
  object space 99840K, 35% used [0x00000000ed400000,0x00000000ef67f710,0x00000000f3580000)
 Metaspace       used 79578K, capacity 84436K, committed 84568K, reserved 1122304K
  class space    used 10940K, capacity 11794K, committed 11864K, reserved 1048576K
Event: 842.299 GC heap after
Heap after GC invocations=73 (full 8):
 PSYoungGen      total 84480K, used 16877K [0x00000000f9c00000, 0x0000000100000000, 0x0000000100000000)
  eden space 67584K, 0% used [0x00000000f9c00000,0x00000000f9c00000,0x00000000fde00000)
  from space 16896K, 99% used [0x00000000fde00000,0x00000000fee7b550,0x00000000fee80000)
  to   space 17920K, 0% used [0x00000000fee80000,0x00000000fee80000,0x0000000100000000)
 ParOldGen       total 99840K, used 36994K [0x00000000ed400000, 0x00000000f3580000, 0x00000000f9c00000)
  object space 99840K, 37% used [0x00000000ed400000,0x00000000ef8208e0,0x00000000f3580000)
 Metaspace       used 79578K, capacity 84436K, committed 84568K, reserved 1122304K
  class space    used 10940K, capacity 11794K, committed 11864K, reserved 1048576K
}
Event: 842.440 GC heap before
{Heap before GC invocations=74 (full 8):
 PSYoungGen      total 84480K, used 84461K [0x00000000f9c00000, 0x0000000100000000, 0x0000000100000000)
  eden space 67584K, 100% used [0x00000000f9c00000,0x00000000fde00000,0x00000000fde00000)
  from space 16896K, 99% used [0x00000000fde00000,0x00000000fee7b550,0x00000000fee80000)
  to   space 17920K, 0% used [0x00000000fee80000,0x00000000fee80000,0x0000000100000000)
 ParOldGen       total 99840K, used 36994K [0x00000000ed400000, 0x00000000f3580000, 0x00000000f9c00000)
  object space 99840K, 37% used [0x00000000ed400000,0x00000000ef8208e0,0x00000000f3580000)
 Metaspace       used 79578K, capacity 84436K, committed 84568K, reserved 1122304K
  class space    used 10940K, capacity 11794K, committed 11864K, reserved 1048576K
Event: 842.470 GC heap after
Heap after GC invocations=74 (full 8):
 PSYoungGen      total 75264K, used 15353K [0x00000000f9c00000, 0x0000000100000000, 0x0000000100000000)
  eden space 57344K, 0% used [0x00000000f9c00000,0x00000000f9c00000,0x00000000fd400000)
  from space 17920K, 85% used [0x00000000fee80000,0x00000000ffd7e458,0x0000000100000000)
  to   space 22528K, 0% used [0x00000000fd400000,0x00000000fd400000,0x00000000fea00000)
 ParOldGen       total 99840K, used 53921K [0x00000000ed400000, 0x00000000f3580000, 0x00000000f9c00000)
  object space 99840K, 54% used [0x00000000ed400000,0x00000000f08a8468,0x00000000f3580000)
 Metaspace       used 79578K, capacity 84436K, committed 84568K, reserved 1122304K
  class space    used 10940K, capacity 11794K, committed 11864K, reserved 1048576K
}

